Timestamp: 15/08/2023 22:47:06, Token: ordi, Highest GateIO bid: 5.6593, Lowest Unisat ask: 5.588299
Potential profit: 36.63208910540061, Units transacted: 700.0000000000001, % profit: 0.9364487452238689
Timestamp: 15/08/2023 22:47:10, Token: ordi, Highest GateIO bid: 5.6593, Lowest Unisat ask: 5.58828
Potential profit: 36.64538910540068, Units transacted: 700.0000000000001, % profit: 0.9367919264041551
Timestamp: 15/08/2023 22:47:13, Token: ordi, Highest GateIO bid: 5.6593, Lowest Unisat ask: 5.59018
Potential profit: 35.3153891054003, Units transacted: 700.0000000000001, % profit: 0.9024853558357258
Timestamp: 15/08/2023 22:47:16, Token: ordi, Highest GateIO bid: 5.6573, Lowest Unisat ask: 5.59018
Potential profit: 33.709637843799555, Units transacted: 700.0, % profit: 0.8614503556440439
Timestamp: 15/08/2023 22:47:28, Token: ordi, Highest GateIO bid: 5.6582, Lowest Unisat ask: 5.59056
Potential profit: 34.26431599819989, Units transacted: 700.0, % profit: 0.8755656473514509
Timestamp: 15/08/2023 22:47:30, Token: ordi, Highest GateIO bid: 5.6582, Lowest Unisat ask: 5.59056
Potential profit: 34.26431599819989, Units transacted: 700.0, % profit: 0.8755656473514509
Timestamp: 15/08/2023 22:47:33, Token: ordi, Highest GateIO bid: 5.6582, Lowest Unisat ask: 5.590902
Potential profit: 34.0249159981995, Units transacted: 700.0, % profit: 0.8693950073632254
Timestamp: 15/08/2023 22:47:36, Token: ordi, Highest GateIO bid: 5.6582, Lowest Unisat ask: 5.590978
Potential profit: 33.97171599819967, Units transacted: 700.0, % profit: 0.8680238565519477
Timestamp: 15/08/2023 22:49:15, Token: ordi, Highest GateIO bid: 5.6596, Lowest Unisat ask: 5.593961
Potential profit: 33.74053940879958, Units transacted: 700.0, % profit: 0.8616572511678111
Timestamp: 15/08/2023 22:49:18, Token: ordi, Highest GateIO bid: 5.6596, Lowest Unisat ask: 5.593695
Potential profit: 33.926739408799676, Units transacted: 700.0, % profit: 0.8664535800396614
Timestamp: 15/08/2023 22:49:21, Token: ordi, Highest GateIO bid: 5.6596, Lowest Unisat ask: 5.593695
Potential profit: 33.926739408799676, Units transacted: 700.0, % profit: 0.8664535800396614
Timestamp: 15/08/2023 22:49:24, Token: ordi, Highest GateIO bid: 5.6596, Lowest Unisat ask: 5.593429
Potential profit: 34.112939408799775, Units transacted: 700.0, % profit: 0.8712503650980407
Timestamp: 15/08/2023 22:49:26, Token: ordi, Highest GateIO bid: 5.6596, Lowest Unisat ask: 5.593429
Potential profit: 34.112939408799775, Units transacted: 700.0, % profit: 0.8712503650980407
Timestamp: 15/08/2023 22:49:29, Token: ordi, Highest GateIO bid: 5.6599, Lowest Unisat ask: 5.593372
Potential profit: 34.1794625558, Units transacted: 700.0, % profit: 0.8729582736700304
Timestamp: 15/08/2023 22:49:32, Token: ordi, Highest GateIO bid: 5.6599, Lowest Unisat ask: 5.593372
Potential profit: 34.1794625558, Units transacted: 700.0, % profit: 0.8729582736700304
Timestamp: 15/08/2023 22:49:34, Token: ordi, Highest GateIO bid: 5.6599, Lowest Unisat ask: 5.593372
Potential profit: 34.1794625558, Units transacted: 700.0, % profit: 0.8729582736700304
Timestamp: 15/08/2023 22:49:37, Token: ordi, Highest GateIO bid: 5.6599, Lowest Unisat ask: 5.593372
Potential profit: 34.1794625558, Units transacted: 700.0, % profit: 0.8729582736700304
Timestamp: 15/08/2023 22:49:40, Token: ordi, Highest GateIO bid: 5.6599, Lowest Unisat ask: 5.593372
Potential profit: 34.1794625558, Units transacted: 700.0, % profit: 0.8729582736700304
Timestamp: 15/08/2023 22:49:42, Token: ordi, Highest GateIO bid: 5.6599, Lowest Unisat ask: 5.593372
Potential profit: 34.1794625558, Units transacted: 700.0, % profit: 0.8729582736700304
Timestamp: 15/08/2023 22:49:45, Token: ordi, Highest GateIO bid: 5.6599, Lowest Unisat ask: 5.593448
Potential profit: 34.12626255580017, Units transacted: 700.0, % profit: 0.871587679927356
Timestamp: 15/08/2023 22:49:47, Token: ordi, Highest GateIO bid: 5.6599, Lowest Unisat ask: 5.593448
Potential profit: 34.12626255580017, Units transacted: 700.0, % profit: 0.871587679927356
Timestamp: 15/08/2023 22:49:50, Token: ordi, Highest GateIO bid: 5.6599, Lowest Unisat ask: 5.59341
Potential profit: 34.15286255579986, Units transacted: 700.0, % profit: 0.8722729721429798
Timestamp: 15/08/2023 22:49:53, Token: ordi, Highest GateIO bid: 5.6599, Lowest Unisat ask: 5.593391
Potential profit: 34.16616255579993, Units transacted: 700.0, % profit: 0.8726156217425665
Timestamp: 15/08/2023 22:49:55, Token: ordi, Highest GateIO bid: 5.6599, Lowest Unisat ask: 5.59341
Potential profit: 34.15286255579986, Units transacted: 700.0, % profit: 0.8722729721429798
Timestamp: 15/08/2023 22:49:58, Token: ordi, Highest GateIO bid: 5.6599, Lowest Unisat ask: 5.593391
Potential profit: 34.16616255579993, Units transacted: 700.0, % profit: 0.8726156217425665
Timestamp: 15/08/2023 22:50:01, Token: ordi, Highest GateIO bid: 5.6599, Lowest Unisat ask: 5.593391
Potential profit: 34.16616255579993, Units transacted: 700.0, % profit: 0.8726156217425665
Timestamp: 15/08/2023 22:50:03, Token: ordi, Highest GateIO bid: 5.6599, Lowest Unisat ask: 5.593391
Potential profit: 34.16616255579993, Units transacted: 700.0, % profit: 0.8726156217425665
Timestamp: 15/08/2023 22:50:06, Token: ordi, Highest GateIO bid: 5.6599, Lowest Unisat ask: 5.593391
Potential profit: 34.16616255579993, Units transacted: 700.0, % profit: 0.8726156217425665
Timestamp: 15/08/2023 22:50:09, Token: ordi, Highest GateIO bid: 5.6599, Lowest Unisat ask: 5.593391
Potential profit: 34.16616255579993, Units transacted: 700.0, % profit: 0.8726156217425665
Timestamp: 15/08/2023 22:50:11, Token: ordi, Highest GateIO bid: 5.6599, Lowest Unisat ask: 5.593391
Potential profit: 34.16616255579993, Units transacted: 700.0, % profit: 0.8726156217425665
Timestamp: 15/08/2023 22:50:14, Token: ordi, Highest GateIO bid: 5.6592, Lowest Unisat ask: 5.593391
Potential profit: 34.319221524399836, Units transacted: 700.0, % profit: 0.8765248007974267
Timestamp: 15/08/2023 22:50:16, Token: ordi, Highest GateIO bid: 5.6592, Lowest Unisat ask: 5.593391
Potential profit: 34.319221524399836, Units transacted: 700.0, % profit: 0.8765248007974267
Timestamp: 15/08/2023 22:50:19, Token: ordi, Highest GateIO bid: 5.6592, Lowest Unisat ask: 5.593391
Potential profit: 34.319221524399836, Units transacted: 700.0, % profit: 0.8765248007974267
Timestamp: 15/08/2023 22:50:22, Token: ordi, Highest GateIO bid: 5.6592, Lowest Unisat ask: 5.59341
Potential profit: 34.305921524399764, Units transacted: 700.0, % profit: 0.8761821379189276
Timestamp: 15/08/2023 22:50:24, Token: ordi, Highest GateIO bid: 5.6592, Lowest Unisat ask: 5.59341
Potential profit: 34.305921524399764, Units transacted: 700.0, % profit: 0.8761821379189276
Timestamp: 15/08/2023 22:50:43, Token: meme, Highest GateIO bid: 8.6755, Lowest Unisat ask: 6.771177
Potential profit: 1.886972, Units transacted: 1, % profit: 27.8677104438416
Timestamp: 15/08/2023 22:50:45, Token: meme, Highest GateIO bid: 8.6755, Lowest Unisat ask: 6.771177
Potential profit: 1.886972, Units transacted: 1, % profit: 27.8677104438416
Timestamp: 15/08/2023 22:50:48, Token: meme, Highest GateIO bid: 8.6755, Lowest Unisat ask: 6.771177
Potential profit: 1.886972, Units transacted: 1, % profit: 27.8677104438416
Timestamp: 15/08/2023 22:50:51, Token: meme, Highest GateIO bid: 8.6755, Lowest Unisat ask: 6.771177
Potential profit: 1.886972, Units transacted: 1, % profit: 27.8677104438416
Timestamp: 15/08/2023 22:50:53, Token: meme, Highest GateIO bid: 8.6755, Lowest Unisat ask: 6.771177
Potential profit: 1.886972, Units transacted: 1, % profit: 27.8677104438416
Timestamp: 15/08/2023 22:50:56, Token: meme, Highest GateIO bid: 8.6755, Lowest Unisat ask: 6.771177
Potential profit: 1.886972, Units transacted: 1, % profit: 27.8677104438416
Timestamp: 15/08/2023 22:50:59, Token: meme, Highest GateIO bid: 8.6755, Lowest Unisat ask: 6.771177
Potential profit: 1.886972, Units transacted: 1, % profit: 27.8677104438416
Timestamp: 15/08/2023 22:51:01, Token: meme, Highest GateIO bid: 8.6755, Lowest Unisat ask: 6.771177
Potential profit: 1.886972, Units transacted: 1, % profit: 27.8677104438416
Timestamp: 15/08/2023 22:51:04, Token: meme, Highest GateIO bid: 8.6755, Lowest Unisat ask: 6.771177
Potential profit: 1.886972, Units transacted: 1, % profit: 27.8677104438416
Timestamp: 15/08/2023 22:51:07, Token: meme, Highest GateIO bid: 8.6755, Lowest Unisat ask: 6.771177
Potential profit: 1.886972, Units transacted: 1, % profit: 27.8677104438416
Timestamp: 15/08/2023 22:51:09, Token: meme, Highest GateIO bid: 8.6755, Lowest Unisat ask: 6.7712
Potential profit: 1.8869489999999995, Units transacted: 1, % profit: 27.867276110586005
Timestamp: 15/08/2023 22:51:12, Token: meme, Highest GateIO bid: 8.6755, Lowest Unisat ask: 6.7712
Potential profit: 1.8869489999999995, Units transacted: 1, % profit: 27.867276110586005
Timestamp: 15/08/2023 22:51:15, Token: meme, Highest GateIO bid: 8.7, Lowest Unisat ask: 6.7712
Potential profit: 1.8866743503999999, Units transacted: 1.0, % profit: 27.863219966918713
Timestamp: 15/08/2023 22:51:17, Token: meme, Highest GateIO bid: 8.7, Lowest Unisat ask: 6.7712
Potential profit: 1.8866743503999999, Units transacted: 1.0, % profit: 27.863219966918713
Timestamp: 15/08/2023 22:51:20, Token: meme, Highest GateIO bid: 8.7, Lowest Unisat ask: 6.7712
Potential profit: 1.8866743503999999, Units transacted: 1.0, % profit: 27.863219966918713
Timestamp: 15/08/2023 22:51:22, Token: meme, Highest GateIO bid: 8.7, Lowest Unisat ask: 6.771177
Potential profit: 1.8866973504000004, Units transacted: 1.0, % profit: 27.863654286396596
Timestamp: 15/08/2023 22:51:25, Token: meme, Highest GateIO bid: 8.7, Lowest Unisat ask: 6.771177
Potential profit: 1.8866973504000004, Units transacted: 1.0, % profit: 27.863654286396596
Timestamp: 15/08/2023 22:51:28, Token: meme, Highest GateIO bid: 8.7, Lowest Unisat ask: 6.771177
Potential profit: 1.8866973504000004, Units transacted: 1.0, % profit: 27.863654286396596
Timestamp: 15/08/2023 22:51:30, Token: meme, Highest GateIO bid: 8.7, Lowest Unisat ask: 6.771177
Potential profit: 1.886996451, Units transacted: 1.0, % profit: 27.868071547974598
Timestamp: 15/08/2023 22:52:26, Token: ordi, Highest GateIO bid: 5.6646, Lowest Unisat ask: 5.59455
Potential profit: 35.88514185580016, Units transacted: 700.0, % profit: 0.9163290767877452
Timestamp: 15/08/2023 22:52:28, Token: ordi, Highest GateIO bid: 5.6646, Lowest Unisat ask: 5.59455
Potential profit: 35.88514185580016, Units transacted: 700.0, % profit: 0.9163290767877452
Timestamp: 15/08/2023 22:52:31, Token: ordi, Highest GateIO bid: 5.6646, Lowest Unisat ask: 5.594569
Potential profit: 35.871841855800085, Units transacted: 700.0, % profit: 0.9159863497157457
Timestamp: 15/08/2023 22:52:34, Token: ordi, Highest GateIO bid: 5.6646, Lowest Unisat ask: 5.594569
Potential profit: 35.871841855800085, Units transacted: 700.0, % profit: 0.9159863497157457
Timestamp: 15/08/2023 22:52:36, Token: ordi, Highest GateIO bid: 5.6646, Lowest Unisat ask: 5.594569
Potential profit: 35.871841855800085, Units transacted: 700.0, % profit: 0.9159863497157457
Timestamp: 15/08/2023 22:52:39, Token: ordi, Highest GateIO bid: 5.6646, Lowest Unisat ask: 5.594569
Potential profit: 35.871841855800085, Units transacted: 700.0, % profit: 0.9159863497157457
Timestamp: 15/08/2023 22:52:42, Token: ordi, Highest GateIO bid: 5.6646, Lowest Unisat ask: 5.594569
Potential profit: 35.871841855800085, Units transacted: 700.0, % profit: 0.9159863497157457
Timestamp: 15/08/2023 22:52:44, Token: ordi, Highest GateIO bid: 5.6646, Lowest Unisat ask: 5.59455
Potential profit: 35.88514185580016, Units transacted: 700.0, % profit: 0.9163290767877452
Timestamp: 15/08/2023 22:52:47, Token: ordi, Highest GateIO bid: 5.6646, Lowest Unisat ask: 5.59455
Potential profit: 35.88514185580016, Units transacted: 700.0, % profit: 0.9163290767877452
Timestamp: 15/08/2023 22:52:50, Token: ordi, Highest GateIO bid: 5.6646, Lowest Unisat ask: 5.59455
Potential profit: 35.88514185580016, Units transacted: 700.0, % profit: 0.9163290767877452
Timestamp: 15/08/2023 22:52:52, Token: ordi, Highest GateIO bid: 5.6646, Lowest Unisat ask: 5.59455
Potential profit: 35.88514185580016, Units transacted: 700.0, % profit: 0.9163290767877452
Timestamp: 15/08/2023 22:52:55, Token: ordi, Highest GateIO bid: 5.6646, Lowest Unisat ask: 5.59455
Potential profit: 35.88514185580016, Units transacted: 700.0, % profit: 0.9163290767877452
Timestamp: 15/08/2023 22:52:58, Token: ordi, Highest GateIO bid: 5.6646, Lowest Unisat ask: 5.59455
Potential profit: 35.88514185580016, Units transacted: 700.0, % profit: 0.9163290767877452
Timestamp: 15/08/2023 22:53:00, Token: ordi, Highest GateIO bid: 5.6646, Lowest Unisat ask: 5.59455
Potential profit: 35.88514185580016, Units transacted: 700.0, % profit: 0.9163290767877452
Timestamp: 15/08/2023 22:53:03, Token: ordi, Highest GateIO bid: 5.6646, Lowest Unisat ask: 5.59455
Potential profit: 35.88514185580016, Units transacted: 700.0, % profit: 0.9163290767877452
Timestamp: 15/08/2023 22:53:06, Token: ordi, Highest GateIO bid: 5.6646, Lowest Unisat ask: 5.59455
Potential profit: 35.88514185580016, Units transacted: 700.0, % profit: 0.9163290767877452
Timestamp: 15/08/2023 22:53:08, Token: ordi, Highest GateIO bid: 5.6646, Lowest Unisat ask: 5.594569
Potential profit: 35.871841855800085, Units transacted: 700.0, % profit: 0.9159863497157457
Timestamp: 15/08/2023 22:53:11, Token: ordi, Highest GateIO bid: 5.6646, Lowest Unisat ask: 5.594569
Potential profit: 35.871841855800085, Units transacted: 700.0, % profit: 0.9159863497157457
Timestamp: 15/08/2023 22:53:13, Token: ordi, Highest GateIO bid: 5.6659, Lowest Unisat ask: 5.594569
Potential profit: 36.028511189200344, Units transacted: 700.0, % profit: 0.9199868961998259
Timestamp: 15/08/2023 22:53:16, Token: ordi, Highest GateIO bid: 5.6659, Lowest Unisat ask: 5.59455
Potential profit: 36.041811189200416, Units transacted: 700.0, % profit: 0.9203296368583306
Timestamp: 15/08/2023 22:53:19, Token: ordi, Highest GateIO bid: 5.6659, Lowest Unisat ask: 5.59455
Potential profit: 36.041811189200416, Units transacted: 700.0, % profit: 0.9203296368583306
Timestamp: 15/08/2023 22:53:21, Token: ordi, Highest GateIO bid: 5.6659, Lowest Unisat ask: 5.59455
Potential profit: 36.041811189200416, Units transacted: 700.0, % profit: 0.9203296368583306
Timestamp: 15/08/2023 22:53:24, Token: ordi, Highest GateIO bid: 5.6659, Lowest Unisat ask: 5.59455
Potential profit: 36.041811189200416, Units transacted: 700.0, % profit: 0.9203296368583306
Timestamp: 15/08/2023 22:53:27, Token: ordi, Highest GateIO bid: 5.6659, Lowest Unisat ask: 5.59455
Potential profit: 36.041811189200416, Units transacted: 700.0, % profit: 0.9203296368583306
Timestamp: 15/08/2023 22:53:29, Token: ordi, Highest GateIO bid: 5.6659, Lowest Unisat ask: 5.59455
Potential profit: 34.248978939399876, Units transacted: 700.0, % profit: 0.8745495664632768
Timestamp: 15/08/2023 22:53:32, Token: ordi, Highest GateIO bid: 5.6659, Lowest Unisat ask: 5.59455
Potential profit: 34.248978939399876, Units transacted: 700.0, % profit: 0.8745495664632768
Timestamp: 15/08/2023 22:53:35, Token: ordi, Highest GateIO bid: 5.6659, Lowest Unisat ask: 5.59455
Potential profit: 34.248978939399876, Units transacted: 700.0, % profit: 0.8745495664632768
Timestamp: 15/08/2023 22:53:37, Token: ordi, Highest GateIO bid: 5.6659, Lowest Unisat ask: 5.59455
Potential profit: 34.248978939399876, Units transacted: 700.0, % profit: 0.8745495664632768
Timestamp: 15/08/2023 22:53:40, Token: ordi, Highest GateIO bid: 5.6659, Lowest Unisat ask: 5.594569
Potential profit: 34.235678939399804, Units transacted: 700.0, % profit: 0.8742069812807948
Timestamp: 15/08/2023 22:53:42, Token: ordi, Highest GateIO bid: 5.6659, Lowest Unisat ask: 5.594569
Potential profit: 34.235678939399804, Units transacted: 700.0, % profit: 0.8742069812807948
Timestamp: 15/08/2023 22:53:45, Token: ordi, Highest GateIO bid: 5.6659, Lowest Unisat ask: 5.594569
Potential profit: 34.235678939399804, Units transacted: 700.0, % profit: 0.8742069812807948
Timestamp: 15/08/2023 23:22:32, Token: ordi, Highest GateIO bid: 5.6659, Lowest Unisat ask: 5.583416
Potential profit: 42.042778939399795, Units transacted: 700.0, % profit: 1.0757054958930363
Timestamp: 15/08/2023 23:25:10, Token: meme, Highest GateIO bid: 8.9317, Lowest Unisat ask: 6.756066
Potential profit: 2.0234262387268993, Units transacted: 1.0, % profit: 29.94977015806091
Timestamp: 15/08/2023 23:25:13, Token: meme, Highest GateIO bid: 8.9317, Lowest Unisat ask: 6.756503
Potential profit: 2.0229892387268986, Units transacted: 1.0, % profit: 29.941365211069964
Timestamp: 15/08/2023 23:25:15, Token: meme, Highest GateIO bid: 8.9317, Lowest Unisat ask: 6.758182
Potential profit: 2.0213102387268993, Units transacted: 1.0, % profit: 29.909082630904276
Timestamp: 15/08/2023 23:25:18, Token: meme, Highest GateIO bid: 8.9317, Lowest Unisat ask: 6.758297
Potential profit: 2.021195238726899, Units transacted: 1.0, % profit: 29.906872082225732
Timestamp: 15/08/2023 23:25:21, Token: meme, Highest GateIO bid: 8.9317, Lowest Unisat ask: 6.757883
Potential profit: 2.0216092387268993, Units transacted: 1.0, % profit: 29.91483040956612
Timestamp: 15/08/2023 23:25:23, Token: meme, Highest GateIO bid: 8.9317, Lowest Unisat ask: 6.757124
Potential profit: 2.022368238726899, Units transacted: 1.0, % profit: 29.92942320914784
Timestamp: 15/08/2023 23:25:26, Token: meme, Highest GateIO bid: 8.9317, Lowest Unisat ask: 6.757101
Potential profit: 2.0223912387268994, Units transacted: 1.0, % profit: 29.929865466372334
Timestamp: 15/08/2023 23:25:29, Token: meme, Highest GateIO bid: 8.9317, Lowest Unisat ask: 6.757101
Potential profit: 2.0223912387268994, Units transacted: 1.0, % profit: 29.929865466372334
Timestamp: 15/08/2023 23:25:31, Token: meme, Highest GateIO bid: 8.9317, Lowest Unisat ask: 6.757101
Potential profit: 2.0223912387268994, Units transacted: 1.0, % profit: 29.929865466372334
Timestamp: 15/08/2023 23:25:34, Token: meme, Highest GateIO bid: 8.9317, Lowest Unisat ask: 6.757101
Potential profit: 2.0223912387268994, Units transacted: 1.0, % profit: 29.929865466372334
Timestamp: 15/08/2023 23:25:37, Token: meme, Highest GateIO bid: 8.9317, Lowest Unisat ask: 6.757124
Potential profit: 2.022368238726899, Units transacted: 1.0, % profit: 29.92942320914784
Timestamp: 15/08/2023 23:25:39, Token: meme, Highest GateIO bid: 8.9317, Lowest Unisat ask: 6.757124
Potential profit: 2.022368238726899, Units transacted: 1.0, % profit: 29.92942320914784
Timestamp: 15/08/2023 23:25:42, Token: meme, Highest GateIO bid: 8.9317, Lowest Unisat ask: 6.757124
Potential profit: 2.022368238726899, Units transacted: 1.0, % profit: 29.92942320914784
Timestamp: 15/08/2023 23:25:45, Token: meme, Highest GateIO bid: 8.9317, Lowest Unisat ask: 6.757101
Potential profit: 2.0223912387268994, Units transacted: 1.0, % profit: 29.929865466372334
Timestamp: 15/08/2023 23:25:47, Token: meme, Highest GateIO bid: 8.9317, Lowest Unisat ask: 6.757101
Potential profit: 2.0223912387268994, Units transacted: 1.0, % profit: 29.929865466372334
Timestamp: 15/08/2023 23:28:36, Token: meme, Highest GateIO bid: 8.7683, Lowest Unisat ask: 6.759171
Potential profit: 1.9915478891999996, Units transacted: 1.0, % profit: 29.464380901148967
Timestamp: 15/08/2023 23:28:39, Token: meme, Highest GateIO bid: 8.7683, Lowest Unisat ask: 6.759194
Potential profit: 1.9915248892, Units transacted: 1.0, % profit: 29.46394036330367
Timestamp: 15/08/2023 23:28:41, Token: meme, Highest GateIO bid: 8.7683, Lowest Unisat ask: 6.759171
Potential profit: 1.9915478891999996, Units transacted: 1.0, % profit: 29.464380901148967
Timestamp: 15/08/2023 23:28:44, Token: meme, Highest GateIO bid: 8.7683, Lowest Unisat ask: 6.759171
Potential profit: 1.9915478891999996, Units transacted: 1.0, % profit: 29.464380901148967
Timestamp: 15/08/2023 23:28:47, Token: meme, Highest GateIO bid: 8.7683, Lowest Unisat ask: 6.759171
Potential profit: 1.9915478891999996, Units transacted: 1.0, % profit: 29.464380901148967
Timestamp: 15/08/2023 23:28:49, Token: meme, Highest GateIO bid: 8.7683, Lowest Unisat ask: 6.759171
Potential profit: 1.9915478891999996, Units transacted: 1.0, % profit: 29.464380901148967
Timestamp: 15/08/2023 23:28:52, Token: meme, Highest GateIO bid: 8.7683, Lowest Unisat ask: 6.759171
Potential profit: 1.9915478891999996, Units transacted: 1.0, % profit: 29.464380901148967
Timestamp: 15/08/2023 23:28:55, Token: meme, Highest GateIO bid: 8.7683, Lowest Unisat ask: 6.759171
Potential profit: 1.9915478891999996, Units transacted: 1.0, % profit: 29.464380901148967
Timestamp: 15/08/2023 23:28:57, Token: meme, Highest GateIO bid: 8.7683, Lowest Unisat ask: 6.759171
Potential profit: 1.9915478891999996, Units transacted: 1.0, % profit: 29.464380901148967
Timestamp: 15/08/2023 23:29:00, Token: meme, Highest GateIO bid: 8.7683, Lowest Unisat ask: 6.759194
Potential profit: 1.9915248892, Units transacted: 1.0, % profit: 29.46394036330367
Timestamp: 15/08/2023 23:29:03, Token: meme, Highest GateIO bid: 8.7683, Lowest Unisat ask: 6.759194
Potential profit: 1.9915248892, Units transacted: 1.0, % profit: 29.46394036330367
Timestamp: 15/08/2023 23:29:05, Token: meme, Highest GateIO bid: 8.7683, Lowest Unisat ask: 6.759217
Potential profit: 1.9915018892000003, Units transacted: 1.0, % profit: 29.46349982845647
Timestamp: 15/08/2023 23:29:08, Token: meme, Highest GateIO bid: 8.7683, Lowest Unisat ask: 6.759217
Potential profit: 1.9915018892000003, Units transacted: 1.0, % profit: 29.46349982845647
Timestamp: 15/08/2023 23:29:10, Token: meme, Highest GateIO bid: 8.7683, Lowest Unisat ask: 6.759217
Potential profit: 1.9915018892000003, Units transacted: 1.0, % profit: 29.46349982845647
Timestamp: 15/08/2023 23:29:13, Token: meme, Highest GateIO bid: 8.7683, Lowest Unisat ask: 6.759217
Potential profit: 1.9915018892000003, Units transacted: 1.0, % profit: 29.46349982845647
Timestamp: 15/08/2023 23:29:16, Token: meme, Highest GateIO bid: 8.7683, Lowest Unisat ask: 6.75924
Potential profit: 1.9914788891999997, Units transacted: 1.0, % profit: 29.46305929660731
Timestamp: 15/08/2023 23:29:18, Token: meme, Highest GateIO bid: 8.7683, Lowest Unisat ask: 6.759217
Potential profit: 1.9915018892000003, Units transacted: 1.0, % profit: 29.46349982845647
Timestamp: 15/08/2023 23:29:21, Token: meme, Highest GateIO bid: 8.7683, Lowest Unisat ask: 6.759217
Potential profit: 1.9915018892000003, Units transacted: 1.0, % profit: 29.46349982845647
Timestamp: 15/08/2023 23:29:24, Token: meme, Highest GateIO bid: 8.7683, Lowest Unisat ask: 6.759217
Potential profit: 1.9915018892000003, Units transacted: 1.0, % profit: 29.46349982845647
Timestamp: 15/08/2023 23:29:26, Token: meme, Highest GateIO bid: 8.7683, Lowest Unisat ask: 6.759217
Potential profit: 1.9915018892000003, Units transacted: 1.0, % profit: 29.46349982845647
Timestamp: 15/08/2023 23:29:29, Token: meme, Highest GateIO bid: 8.7683, Lowest Unisat ask: 6.759217
Potential profit: 1.9915018892000003, Units transacted: 1.0, % profit: 29.46349982845647
Timestamp: 15/08/2023 23:29:32, Token: meme, Highest GateIO bid: 8.7683, Lowest Unisat ask: 6.759217
Potential profit: 1.9915018892000003, Units transacted: 1.0, % profit: 29.46349982845647
Timestamp: 15/08/2023 23:29:34, Token: meme, Highest GateIO bid: 8.7683, Lowest Unisat ask: 6.759217
Potential profit: 1.9915018892000003, Units transacted: 1.0, % profit: 29.46349982845647
Timestamp: 15/08/2023 23:29:37, Token: meme, Highest GateIO bid: 8.7683, Lowest Unisat ask: 6.759217
Potential profit: 1.9915018892000003, Units transacted: 1.0, % profit: 29.46349982845647
Timestamp: 15/08/2023 23:36:29, Token: meme, Highest GateIO bid: 8.7684, Lowest Unisat ask: 6.466306
Potential profit: 2.2844483182, Units transacted: 1.0, % profit: 35.32849076737166
Timestamp: 15/08/2023 23:36:32, Token: meme, Highest GateIO bid: 8.7684, Lowest Unisat ask: 6.466306
Potential profit: 2.2844483182, Units transacted: 1.0, % profit: 35.32849076737166
Timestamp: 15/08/2023 23:36:34, Token: meme, Highest GateIO bid: 8.7684, Lowest Unisat ask: 6.466306
Potential profit: 2.2844483182, Units transacted: 1.0, % profit: 35.32849076737166
Timestamp: 15/08/2023 23:36:37, Token: meme, Highest GateIO bid: 8.7684, Lowest Unisat ask: 6.465998
Potential profit: 2.2847563182000004, Units transacted: 1.0, % profit: 35.33493697647294
Timestamp: 15/08/2023 23:36:40, Token: meme, Highest GateIO bid: 8.7684, Lowest Unisat ask: 6.465822
Potential profit: 2.2849323182, Units transacted: 1.0, % profit: 35.33862080026329
Timestamp: 15/08/2023 23:36:42, Token: meme, Highest GateIO bid: 8.7684, Lowest Unisat ask: 6.465844
Potential profit: 2.2849103182000006, Units transacted: 1.0, % profit: 35.33816031132209
Timestamp: 15/08/2023 23:36:46, Token: meme, Highest GateIO bid: 8.7684, Lowest Unisat ask: 6.465844
Potential profit: 2.2849103182000006, Units transacted: 1.0, % profit: 35.33816031132209
Timestamp: 15/08/2023 23:36:48, Token: meme, Highest GateIO bid: 8.7684, Lowest Unisat ask: 6.465822
Potential profit: 2.2849323182, Units transacted: 1.0, % profit: 35.33862080026329
Timestamp: 15/08/2023 23:36:51, Token: meme, Highest GateIO bid: 8.7684, Lowest Unisat ask: 6.465822
Potential profit: 2.2849323182, Units transacted: 1.0, % profit: 35.33862080026329
Timestamp: 15/08/2023 23:36:54, Token: meme, Highest GateIO bid: 8.7684, Lowest Unisat ask: 6.465822
Potential profit: 2.2849323182, Units transacted: 1.0, % profit: 35.33862080026329
Timestamp: 15/08/2023 23:36:56, Token: meme, Highest GateIO bid: 8.7684, Lowest Unisat ask: 6.46536
Potential profit: 2.2853943182, Units transacted: 1.0, % profit: 35.34829179194971
Timestamp: 15/08/2023 23:36:59, Token: meme, Highest GateIO bid: 8.7684, Lowest Unisat ask: 6.46536
Potential profit: 2.2853943182, Units transacted: 1.0, % profit: 35.34829179194971
Timestamp: 15/08/2023 23:37:02, Token: meme, Highest GateIO bid: 8.7684, Lowest Unisat ask: 6.46536
Potential profit: 2.2853943182, Units transacted: 1.0, % profit: 35.34829179194971
Timestamp: 15/08/2023 23:39:08, Token: meme, Highest GateIO bid: 8.7684, Lowest Unisat ask: 7.338
Potential profit: 1.4127543182000002, Units transacted: 1.0, % profit: 19.25257997001908
Timestamp: 15/08/2023 23:39:11, Token: meme, Highest GateIO bid: 8.7684, Lowest Unisat ask: 7.337975
Potential profit: 1.4127793182000001, Units transacted: 1.0, % profit: 19.252986255744943
Timestamp: 15/08/2023 23:39:14, Token: meme, Highest GateIO bid: 8.7684, Lowest Unisat ask: 7.337975
Potential profit: 1.4127793182000001, Units transacted: 1.0, % profit: 19.252986255744943
Timestamp: 15/08/2023 23:39:16, Token: meme, Highest GateIO bid: 8.7684, Lowest Unisat ask: 7.339
Potential profit: 1.4117543181999999, Units transacted: 1.0, % profit: 19.236330810737154
Timestamp: 15/08/2023 23:39:19, Token: meme, Highest GateIO bid: 8.7684, Lowest Unisat ask: 7.339475
Potential profit: 1.4112793182, Units transacted: 1.0, % profit: 19.22861401122015
Timestamp: 15/08/2023 23:39:22, Token: meme, Highest GateIO bid: 8.7684, Lowest Unisat ask: 7.33835
Potential profit: 1.4124043182000001, Units transacted: 1.0, % profit: 19.24689226052178
Timestamp: 15/08/2023 23:39:24, Token: meme, Highest GateIO bid: 8.7684, Lowest Unisat ask: 7.33835
Potential profit: 1.4124043182000001, Units transacted: 1.0, % profit: 19.24689226052178
Timestamp: 15/08/2023 23:39:27, Token: meme, Highest GateIO bid: 8.7684, Lowest Unisat ask: 7.33835
Potential profit: 1.4124043182000001, Units transacted: 1.0, % profit: 19.24689226052178
Timestamp: 15/08/2023 23:39:30, Token: meme, Highest GateIO bid: 8.7684, Lowest Unisat ask: 7.33835
Potential profit: 1.4124043182000001, Units transacted: 1.0, % profit: 19.24689226052178
Timestamp: 15/08/2023 23:39:32, Token: meme, Highest GateIO bid: 8.7684, Lowest Unisat ask: 7.339225
Potential profit: 1.4115293182000004, Units transacted: 1.0, % profit: 19.232675360136806
Timestamp: 15/08/2023 23:39:35, Token: meme, Highest GateIO bid: 8.7684, Lowest Unisat ask: 7.339375
Potential profit: 1.4113793181999998, Units transacted: 1.0, % profit: 19.23023851758494
Timestamp: 15/08/2023 23:39:37, Token: meme, Highest GateIO bid: 8.7684, Lowest Unisat ask: 7.339375
Potential profit: 1.4113793181999998, Units transacted: 1.0, % profit: 19.23023851758494
Timestamp: 15/08/2023 23:39:40, Token: meme, Highest GateIO bid: 8.7684, Lowest Unisat ask: 7.339375
Potential profit: 1.4113793181999998, Units transacted: 1.0, % profit: 19.23023851758494
Timestamp: 15/08/2023 23:39:43, Token: meme, Highest GateIO bid: 8.7684, Lowest Unisat ask: 7.339475
Potential profit: 1.4112793182, Units transacted: 1.0, % profit: 19.22861401122015
Timestamp: 15/08/2023 23:39:45, Token: meme, Highest GateIO bid: 8.7684, Lowest Unisat ask: 7.339475
Potential profit: 1.4112793182, Units transacted: 1.0, % profit: 19.22861401122015
Timestamp: 15/08/2023 23:39:48, Token: meme, Highest GateIO bid: 8.7684, Lowest Unisat ask: 7.339475
Potential profit: 1.4112793182, Units transacted: 1.0, % profit: 19.22861401122015
Timestamp: 15/08/2023 23:39:51, Token: meme, Highest GateIO bid: 8.7684, Lowest Unisat ask: 7.339475
Potential profit: 1.4112793182, Units transacted: 1.0, % profit: 19.22861401122015
Timestamp: 15/08/2023 23:39:54, Token: meme, Highest GateIO bid: 8.7684, Lowest Unisat ask: 7.339475
Potential profit: 1.4112793182, Units transacted: 1.0, % profit: 19.22861401122015
Timestamp: 15/08/2023 23:39:56, Token: meme, Highest GateIO bid: 8.7684, Lowest Unisat ask: 7.339475
Potential profit: 1.4112793182, Units transacted: 1.0, % profit: 19.22861401122015
Timestamp: 15/08/2023 23:39:59, Token: meme, Highest GateIO bid: 8.7684, Lowest Unisat ask: 7.339475
Potential profit: 1.4112793182, Units transacted: 1.0, % profit: 19.22861401122015
Timestamp: 15/08/2023 23:40:01, Token: meme, Highest GateIO bid: 8.7684, Lowest Unisat ask: 7.339475
Potential profit: 1.4112793182, Units transacted: 1.0, % profit: 19.22861401122015
Timestamp: 15/08/2023 23:40:04, Token: meme, Highest GateIO bid: 8.7684, Lowest Unisat ask: 7.33945
Potential profit: 1.4113043182, Units transacted: 1.0, % profit: 19.22902013366124
Timestamp: 15/08/2023 23:40:07, Token: meme, Highest GateIO bid: 8.7684, Lowest Unisat ask: 7.339375
Potential profit: 1.4113793181999998, Units transacted: 1.0, % profit: 19.23023851758494
Timestamp: 15/08/2023 23:40:09, Token: meme, Highest GateIO bid: 8.7684, Lowest Unisat ask: 7.339375
Potential profit: 1.4113793181999998, Units transacted: 1.0, % profit: 19.23023851758494
Timestamp: 15/08/2023 23:40:12, Token: meme, Highest GateIO bid: 8.7684, Lowest Unisat ask: 7.337625
Potential profit: 1.4131293182000002, Units transacted: 1.0, % profit: 19.25867454660057
Timestamp: 15/08/2023 23:40:15, Token: meme, Highest GateIO bid: 8.7685, Lowest Unisat ask: 7.337625
Potential profit: 1.413136902999999, Units transacted: 1.0, % profit: 19.258777915197342
Timestamp: 15/08/2023 23:40:17, Token: meme, Highest GateIO bid: 8.7685, Lowest Unisat ask: 7.337625
Potential profit: 1.413136902999999, Units transacted: 1.0, % profit: 19.258777915197342
Timestamp: 15/08/2023 23:40:20, Token: meme, Highest GateIO bid: 8.7685, Lowest Unisat ask: 7.337625
Potential profit: 1.413136902999999, Units transacted: 1.0, % profit: 19.258777915197342
Timestamp: 15/08/2023 23:40:23, Token: meme, Highest GateIO bid: 8.7685, Lowest Unisat ask: 7.3376
Potential profit: 1.4131619029999989, Units transacted: 1.0, % profit: 19.25918424280417
Timestamp: 15/08/2023 23:40:25, Token: meme, Highest GateIO bid: 8.7685, Lowest Unisat ask: 7.3376
Potential profit: 1.4131619029999989, Units transacted: 1.0, % profit: 19.25918424280417
Timestamp: 15/08/2023 23:40:28, Token: meme, Highest GateIO bid: 8.7685, Lowest Unisat ask: 7.337625
Potential profit: 1.413136902999999, Units transacted: 1.0, % profit: 19.258777915197342
Timestamp: 15/08/2023 23:40:31, Token: meme, Highest GateIO bid: 8.7685, Lowest Unisat ask: 7.337625
Potential profit: 1.413136902999999, Units transacted: 1.0, % profit: 19.258777915197342
Timestamp: 15/08/2023 23:40:33, Token: meme, Highest GateIO bid: 8.7685, Lowest Unisat ask: 7.337625
Potential profit: 1.413136902999999, Units transacted: 1.0, % profit: 19.258777915197342
Timestamp: 15/08/2023 23:40:36, Token: meme, Highest GateIO bid: 8.7685, Lowest Unisat ask: 7.3376
Potential profit: 1.4131619029999989, Units transacted: 1.0, % profit: 19.25918424280417
Timestamp: 15/08/2023 23:40:39, Token: meme, Highest GateIO bid: 8.7685, Lowest Unisat ask: 7.337975
Potential profit: 1.4127869029999989, Units transacted: 1.0, % profit: 19.253089619411334
Timestamp: 15/08/2023 23:40:41, Token: meme, Highest GateIO bid: 8.7685, Lowest Unisat ask: 7.337975
Potential profit: 1.4127869029999989, Units transacted: 1.0, % profit: 19.253089619411334
Timestamp: 15/08/2023 23:40:44, Token: meme, Highest GateIO bid: 8.7685, Lowest Unisat ask: 7.33795
Potential profit: 1.4128119029999988, Units transacted: 1.0, % profit: 19.25349590825774
Timestamp: 15/08/2023 23:40:47, Token: meme, Highest GateIO bid: 8.7685, Lowest Unisat ask: 7.33795
Potential profit: 1.4128119029999988, Units transacted: 1.0, % profit: 19.25349590825774
Timestamp: 15/08/2023 23:40:49, Token: meme, Highest GateIO bid: 8.7685, Lowest Unisat ask: 7.33795
Potential profit: 1.4128119029999988, Units transacted: 1.0, % profit: 19.25349590825774
Timestamp: 15/08/2023 23:40:53, Token: meme, Highest GateIO bid: 8.7685, Lowest Unisat ask: 7.33795
Potential profit: 1.4128119029999988, Units transacted: 1.0, % profit: 19.25349590825774
Timestamp: 15/08/2023 23:40:55, Token: meme, Highest GateIO bid: 8.7685, Lowest Unisat ask: 7.33795
Potential profit: 1.4128119029999988, Units transacted: 1.0, % profit: 19.25349590825774
Timestamp: 15/08/2023 23:40:58, Token: meme, Highest GateIO bid: 8.7685, Lowest Unisat ask: 7.337975
Potential profit: 1.4127869029999989, Units transacted: 1.0, % profit: 19.253089619411334
Timestamp: 15/08/2023 23:41:01, Token: meme, Highest GateIO bid: 8.7685, Lowest Unisat ask: 7.337975
Potential profit: 1.4127869029999989, Units transacted: 1.0, % profit: 19.253089619411334
Timestamp: 15/08/2023 23:41:03, Token: meme, Highest GateIO bid: 8.7685, Lowest Unisat ask: 7.337975
Potential profit: 1.4127869029999989, Units transacted: 1.0, % profit: 19.253089619411334
Timestamp: 15/08/2023 23:41:06, Token: meme, Highest GateIO bid: 8.7685, Lowest Unisat ask: 7.337975
Potential profit: 1.4127869029999989, Units transacted: 1.0, % profit: 19.253089619411334
Timestamp: 15/08/2023 23:41:09, Token: meme, Highest GateIO bid: 8.7685, Lowest Unisat ask: 7.337975
Potential profit: 1.4127869029999989, Units transacted: 1.0, % profit: 19.253089619411334
Timestamp: 15/08/2023 23:41:11, Token: meme, Highest GateIO bid: 8.7685, Lowest Unisat ask: 7.337975
Potential profit: 1.4127869029999989, Units transacted: 1.0, % profit: 19.253089619411334
Timestamp: 15/08/2023 23:41:14, Token: meme, Highest GateIO bid: 8.7685, Lowest Unisat ask: 7.337675
Potential profit: 1.413086902999999, Units transacted: 1.0, % profit: 19.25796526829001
Timestamp: 15/08/2023 23:41:16, Token: meme, Highest GateIO bid: 8.7685, Lowest Unisat ask: 7.337675
Potential profit: 1.413086902999999, Units transacted: 1.0, % profit: 19.25796526829001
Timestamp: 15/08/2023 23:41:19, Token: meme, Highest GateIO bid: 8.7685, Lowest Unisat ask: 7.337675
Potential profit: 1.413086902999999, Units transacted: 1.0, % profit: 19.25796526829001
Timestamp: 15/08/2023 23:41:22, Token: meme, Highest GateIO bid: 8.7685, Lowest Unisat ask: 7.337675
Potential profit: 1.413086902999999, Units transacted: 1.0, % profit: 19.25796526829001
Timestamp: 15/08/2023 23:41:25, Token: meme, Highest GateIO bid: 8.7685, Lowest Unisat ask: 7.337675
Potential profit: 1.413086902999999, Units transacted: 1.0, % profit: 19.25796526829001
Timestamp: 15/08/2023 23:41:28, Token: meme, Highest GateIO bid: 8.7685, Lowest Unisat ask: 7.3377
Potential profit: 1.4130619029999991, Units transacted: 1.0, % profit: 19.257558948989452
Timestamp: 15/08/2023 23:56:52, Token: meme, Highest GateIO bid: 8.4358, Lowest Unisat ask: 7.3372
Potential profit: 1.0817284000000003, Units transacted: 1, % profit: 14.743068200403428
Timestamp: 15/08/2023 23:56:55, Token: meme, Highest GateIO bid: 8.4358, Lowest Unisat ask: 7.3372
Potential profit: 1.0817284000000003, Units transacted: 1, % profit: 14.743068200403428
Timestamp: 15/08/2023 23:56:57, Token: meme, Highest GateIO bid: 8.4358, Lowest Unisat ask: 7.3372
Potential profit: 1.0817284000000003, Units transacted: 1, % profit: 14.743068200403428
Timestamp: 15/08/2023 23:57:00, Token: meme, Highest GateIO bid: 8.4358, Lowest Unisat ask: 7.3365
Potential profit: 1.0824284000000004, Units transacted: 1, % profit: 14.754016220268525
Timestamp: 15/08/2023 23:57:03, Token: meme, Highest GateIO bid: 8.4358, Lowest Unisat ask: 7.3299
Potential profit: 1.0890284000000001, Units transacted: 1, % profit: 14.857343210685004
Timestamp: 15/08/2023 23:57:05, Token: meme, Highest GateIO bid: 8.4358, Lowest Unisat ask: 7.3291
Potential profit: 1.0898284, Units transacted: 1, % profit: 14.869880340014463
Timestamp: 15/08/2023 23:57:08, Token: meme, Highest GateIO bid: 8.4358, Lowest Unisat ask: 7.329075
Potential profit: 1.0898534000000009, Units transacted: 1, % profit: 14.870272169407475
Timestamp: 15/08/2023 23:57:11, Token: meme, Highest GateIO bid: 8.4358, Lowest Unisat ask: 7.329
Potential profit: 1.0899284000000007, Units transacted: 1, % profit: 14.871447673625335
Timestamp: 15/08/2023 23:57:14, Token: meme, Highest GateIO bid: 8.4358, Lowest Unisat ask: 7.32855
Potential profit: 1.0903784000000005, Units transacted: 1, % profit: 14.87850120419456
Timestamp: 15/08/2023 23:57:17, Token: meme, Highest GateIO bid: 8.4358, Lowest Unisat ask: 7.32855
Potential profit: 1.0903784000000005, Units transacted: 1, % profit: 14.87850120419456
Timestamp: 15/08/2023 23:57:20, Token: meme, Highest GateIO bid: 8.4358, Lowest Unisat ask: 7.328575
Potential profit: 1.0903534000000006, Units transacted: 1, % profit: 14.878109318660185
Timestamp: 15/08/2023 23:57:22, Token: meme, Highest GateIO bid: 8.4358, Lowest Unisat ask: 7.328575
Potential profit: 1.0903534000000006, Units transacted: 1, % profit: 14.878109318660185
Timestamp: 15/08/2023 23:57:25, Token: meme, Highest GateIO bid: 8.4358, Lowest Unisat ask: 7.32855
Potential profit: 1.0903784000000005, Units transacted: 1, % profit: 14.87850120419456
Timestamp: 15/08/2023 23:57:28, Token: meme, Highest GateIO bid: 8.4358, Lowest Unisat ask: 7.32945
Potential profit: 1.0894784000000008, Units transacted: 1, % profit: 14.864395009175327
Timestamp: 15/08/2023 23:57:31, Token: meme, Highest GateIO bid: 8.4358, Lowest Unisat ask: 7.32945
Potential profit: 1.0894784000000008, Units transacted: 1, % profit: 14.864395009175327
Timestamp: 15/08/2023 23:57:33, Token: meme, Highest GateIO bid: 8.4358, Lowest Unisat ask: 7.3306
Potential profit: 1.0883284000000009, Units transacted: 1, % profit: 14.846375467219614
Timestamp: 15/08/2023 23:57:36, Token: meme, Highest GateIO bid: 8.4358, Lowest Unisat ask: 7.331475
Potential profit: 1.0874534000000002, Units transacted: 1, % profit: 14.832668733099414
Timestamp: 15/08/2023 23:57:39, Token: meme, Highest GateIO bid: 8.4358, Lowest Unisat ask: 7.3315
Potential profit: 1.0874284000000003, Units transacted: 1, % profit: 14.832277160199144
Timestamp: 15/08/2023 23:57:41, Token: meme, Highest GateIO bid: 8.4358, Lowest Unisat ask: 7.331475
Potential profit: 1.0874534000000002, Units transacted: 1, % profit: 14.832668733099414
Timestamp: 15/08/2023 23:57:44, Token: meme, Highest GateIO bid: 8.4358, Lowest Unisat ask: 7.331475
Potential profit: 1.0874534000000002, Units transacted: 1, % profit: 14.832668733099414
Timestamp: 15/08/2023 23:57:47, Token: meme, Highest GateIO bid: 8.4358, Lowest Unisat ask: 7.331475
Potential profit: 1.0874534000000002, Units transacted: 1, % profit: 14.832668733099414
Timestamp: 15/08/2023 23:57:49, Token: meme, Highest GateIO bid: 8.4358, Lowest Unisat ask: 7.331925
Potential profit: 1.0870034000000004, Units transacted: 1, % profit: 14.825620829454753
